# JRE version: OpenJDK Runtime Environment (8.0_112-b06) (build 1.8.0_112-release-b06)
# Java VM: OpenJDK 64-Bit Server VM (25.112-b06 mixed mode bsd-amd64 compressed oops)
Heap:
 PSYoungGen      total 294400K, used 44020K [0x000000076ab00000, 0x000000078a780000, 0x00000007c0000000)
  eden space 250368K, 0% used [0x000000076ab00000,0x000000076ab00000,0x0000000779f80000)
  from space 44032K, 99% used [0x0000000779f80000,0x000000077ca7d350,0x000000077ca80000)
  to   space 59904K, 0% used [0x0000000786d00000,0x0000000786d00000,0x000000078a780000)
 ParOldGen       total 87552K, used 80410K [0x00000006c0000000, 0x00000006c5580000, 0x000000076ab00000)
  object space 87552K, 91% used [0x00000006c0000000,0x00000006c4e868c8,0x00000006c5580000)
 Metaspace       used 6346K, capacity 7154K, committed 7296K, reserved 1056768K
  class space    used 596K, capacity 618K, committed 640K, reserved 1048576K
GC Heap History (10 events):
Event: 6.768 GC heap after
Heap after GC invocations=5 (full 0):
 PSYoungGen      total 71680K, used 5099K [0x000000076ab00000, 0x0000000775700000, 0x00000007c0000000)
  eden space 66560K, 0% used [0x000000076ab00000,0x000000076ab00000,0x000000076ec00000)
  from space 5120K, 99% used [0x000000076ec00000,0x000000076f0faf88,0x000000076f100000)
  to   space 21504K, 0% used [0x0000000774200000,0x0000000774200000,0x0000000775700000)
 ParOldGen       total 87552K, used 33915K [0x00000006c0000000, 0x00000006c5580000, 0x000000076ab00000)
  object space 87552K, 38% used [0x00000006c0000000,0x00000006c211ed78,0x00000006c5580000)
 Metaspace       used 6026K, capacity 6898K, committed 7040K, reserved 1056768K
  class space    used 596K, capacity 618K, committed 640K, reserved 1048576K
}
Event: 8.043 GC heap before
{Heap before GC invocations=6 (full 0):
 PSYoungGen      total 71680K, used 71659K [0x000000076ab00000, 0x0000000775700000, 0x00000007c0000000)
  eden space 66560K, 100% used [0x000000076ab00000,0x000000076ec00000,0x000000076ec00000)
  from space 5120K, 99% used [0x000000076ec00000,0x000000076f0faf88,0x000000076f100000)
  to   space 21504K, 0% used [0x0000000774200000,0x0000000774200000,0x0000000775700000)
 ParOldGen       total 87552K, used 33915K [0x00000006c0000000, 0x00000006c5580000, 0x000000076ab00000)
  object space 87552K, 38% used [0x00000006c0000000,0x00000006c211ed78,0x00000006c5580000)
 Metaspace       used 6104K, capacity 6962K, committed 7040K, reserved 1056768K
  class space    used 596K, capacity 618K, committed 640K, reserved 1048576K
Event: 8.124 GC heap after
Heap after GC invocations=6 (full 0):
 PSYoungGen      total 152576K, used 17956K [0x000000076ab00000, 0x0000000775b00000, 0x00000007c0000000)
  eden space 131072K, 0% used [0x000000076ab00000,0x000000076ab00000,0x0000000772b00000)
  from space 21504K, 83% used [0x0000000774200000,0x00000007753893e0,0x0000000775700000)
  to   space 23552K, 0% used [0x0000000772b00000,0x0000000772b00000,0x0000000774200000)
 ParOldGen       total 87552K, used 33915K [0x00000006c0000000, 0x00000006c5580000, 0x000000076ab00000)
  object space 87552K, 38% used [0x00000006c0000000,0x00000006c211ed78,0x00000006c5580000)
 Metaspace       used 6104K, capacity 6962K, committed 7040K, reserved 1056768K
  class space    used 596K, capacity 618K, committed 640K, reserved 1048576K
}
Event: 10.825 GC heap before
{Heap before GC invocations=7 (full 0):
 PSYoungGen      total 152576K, used 149028K [0x000000076ab00000, 0x0000000775b00000, 0x00000007c0000000)
  eden space 131072K, 100% used [0x000000076ab00000,0x0000000772b00000,0x0000000772b00000)
  from space 21504K, 83% used [0x0000000774200000,0x00000007753893e0,0x0000000775700000)
  to   space 23552K, 0% used [0x0000000772b00000,0x0000000772b00000,0x0000000774200000)
 ParOldGen       total 87552K, used 33915K [0x00000006c0000000, 0x00000006c5580000, 0x000000076ab00000)
  object space 87552K, 38% used [0x00000006c0000000,0x00000006c211ed78,0x00000006c5580000)
 Metaspace       used 6233K, capacity 7090K, committed 7296K, reserved 1056768K
  class space    used 596K, capacity 618K, committed 640K, reserved 1048576K
Event: 11.130 GC heap after
Heap after GC invocations=7 (full 0):
 PSYoungGen      total 154624K, used 23538K [0x000000076ab00000, 0x000000077ea00000, 0x00000007c0000000)
  eden space 131072K, 0% used [0x000000076ab00000,0x000000076ab00000,0x0000000772b00000)
  from space 23552K, 99% used [0x0000000772b00000,0x00000007741fcaf0,0x0000000774200000)
  to   space 32256K, 0% used [0x000000077ca80000,0x000000077ca80000,0x000000077ea00000)
 ParOldGen       total 87552K, used 43898K [0x00000006c0000000, 0x00000006c5580000, 0x000000076ab00000)
  object space 87552K, 50% used [0x00000006c0000000,0x00000006c2ade978,0x00000006c5580000)
 Metaspace       used 6233K, capacity 7090K, committed 7296K, reserved 1056768K
  class space    used 596K, capacity 618K, committed 640K, reserved 1048576K
}
Event: 13.466 GC heap before
{Heap before GC invocations=8 (full 0):
 PSYoungGen      total 154624K, used 154610K [0x000000076ab00000, 0x000000077ea00000, 0x00000007c0000000)
  eden space 131072K, 100% used [0x000000076ab00000,0x0000000772b00000,0x0000000772b00000)
  from space 23552K, 99% used [0x0000000772b00000,0x00000007741fcaf0,0x0000000774200000)
  to   space 32256K, 0% used [0x000000077ca80000,0x000000077ca80000,0x000000077ea00000)
 ParOldGen       total 87552K, used 43898K [0x00000006c0000000, 0x00000006c5580000, 0x000000076ab00000)
  object space 87552K, 50% used [0x00000006c0000000,0x00000006c2ade978,0x00000006c5580000)
 Metaspace       used 6297K, capacity 7154K, committed 7296K, reserved 1056768K
  class space    used 596K, capacity 618K, committed 640K, reserved 1048576K
Event: 13.756 GC heap after
Heap after GC invocations=8 (full 0):
 PSYoungGen      total 282624K, used 32246K [0x000000076ab00000, 0x0000000780100000, 0x00000007c0000000)
  eden space 250368K, 0% used [0x000000076ab00000,0x000000076ab00000,0x0000000779f80000)
  from space 32256K, 99% used [0x000000077ca80000,0x000000077e9fdac0,0x000000077ea00000)
  to   space 44032K, 0% used [0x0000000779f80000,0x0000000779f80000,0x000000077ca80000)
 ParOldGen       total 87552K, used 58534K [0x00000006c0000000, 0x00000006c5580000, 0x000000076ab00000)
  object space 87552K, 66% used [0x00000006c0000000,0x00000006c3929b50,0x00000006c5580000)
 Metaspace       used 6297K, capacity 7154K, committed 7296K, reserved 1056768K
  class space    used 596K, capacity 618K, committed 640K, reserved 1048576K
}
Event: 17.079 GC heap before
{Heap before GC invocations=9 (full 0):
 PSYoungGen      total 282624K, used 282614K [0x000000076ab00000, 0x0000000780100000, 0x00000007c0000000)
  eden space 250368K, 100% used [0x000000076ab00000,0x0000000779f80000,0x0000000779f80000)
  from space 32256K, 99% used [0x000000077ca80000,0x000000077e9fdac0,0x000000077ea00000)
  to   space 44032K, 0% used [0x0000000779f80000,0x0000000779f80000,0x000000077ca80000)
 ParOldGen       total 87552K, used 58534K [0x00000006c0000000, 0x00000006c5580000, 0x000000076ab00000)
  object space 87552K, 66% used [0x00000006c0000000,0x00000006c3929b50,0x00000006c5580000)
 Metaspace       used 6346K, capacity 7154K, committed 7296K, reserved 1056768K
  class space    used 596K, capacity 618K, committed 640K, reserved 1048576K
Event: 17.433 GC heap after
Heap after GC invocations=9 (full 0):
 PSYoungGen      total 294400K, used 44020K [0x000000076ab00000, 0x000000078a780000, 0x00000007c0000000)
  eden space 250368K, 0% used [0x000000076ab00000,0x000000076ab00000,0x0000000779f80000)
  from space 44032K, 99% used [0x0000000779f80000,0x000000077ca7d350,0x000000077ca80000)
  to   space 59904K, 0% used [0x0000000786d00000,0x0000000786d00000,0x000000078a780000)
 ParOldGen       total 87552K, used 80410K [0x00000006c0000000, 0x00000006c5580000, 0x000000076ab00000)
  object space 87552K, 91% used [0x00000006c0000000,0x00000006c4e868c8,0x00000006c5580000)
 Metaspace       used 6346K, capacity 7154K, committed 7296K, reserved 1056768K
  class space    used 596K, capacity 618K, committed 640K, reserved 1048576K
}
Event: 17.433 GC heap before
{Heap before GC invocations=10 (full 1):
 PSYoungGen      total 294400K, used 44020K [0x000000076ab00000, 0x000000078a780000, 0x00000007c0000000)
  eden space 250368K, 0% used [0x000000076ab00000,0x000000076ab00000,0x0000000779f80000)
  from space 44032K, 99% used [0x0000000779f80000,0x000000077ca7d350,0x000000077ca80000)
  to   space 59904K, 0% used [0x0000000786d00000,0x0000000786d00000,0x000000078a780000)
 ParOldGen       total 87552K, used 80410K [0x00000006c0000000, 0x00000006c5580000, 0x000000076ab00000)
  object space 87552K, 91% used [0x00000006c0000000,0x00000006c4e868c8,0x00000006c5580000)
 Metaspace       used 6346K, capacity 7154K, committed 7296K, reserved 1056768K
  class space    used 596K, capacity 618K, committed 640K, reserved 1048576K

